[2012-02-11 20:16:21] request.ERROR: Symfony\Component\HttpKernel\Exception\NotFoundHttpException: No route found for "GET /practica/web/" (uncaught exception) at C:\xampp\htdocs\Practica\vendor\symfony\src\Symfony\Bundle\FrameworkBundle\EventListener\RouterListener.php line 83 [] []
[2012-02-11 21:21:37] request.ERROR: Symfony\Component\HttpKernel\Exception\NotFoundHttpException: No route found for "GET /blog/" (uncaught exception) at C:\xampp\htdocs\Practica\vendor\symfony\src\Symfony\Bundle\FrameworkBundle\EventListener\RouterListener.php line 83 [] []
[2012-02-11 21:51:58] request.ERROR: Symfony\Component\HttpKernel\Exception\NotFoundHttpException: No route found for "GET /" (uncaught exception) at C:\xampp\htdocs\Practica\app\cache\prod\classes.php line 4564 [] []
[2012-02-11 23:25:34] request.ERROR: Symfony\Component\HttpKernel\Exception\NotFoundHttpException: No route found for "GET /practica/web/bundles/framework/css/exception_layout.css" (uncaught exception) at C:\xampp\htdocs\Practica\app\cache\prod\classes.php line 4564 [] []
[2012-02-11 23:25:34] request.ERROR: Symfony\Component\HttpKernel\Exception\NotFoundHttpException: No route found for "GET /practica/web/bundles/framework/css/exception.css" (uncaught exception) at C:\xampp\htdocs\Practica\app\cache\prod\classes.php line 4564 [] []
[2012-02-11 23:25:34] request.ERROR: Symfony\Component\HttpKernel\Exception\NotFoundHttpException: No route found for "GET /practica/web/bundles/framework/images/logo_symfony.gif" (uncaught exception) at C:\xampp\htdocs\Practica\app\cache\prod\classes.php line 4564 [] []
[2012-02-11 23:25:34] request.ERROR: Symfony\Component\HttpKernel\Exception\NotFoundHttpException: No route found for "GET /practica/web/bundles/framework/images/open_quote.gif" (uncaught exception) at C:\xampp\htdocs\Practica\app\cache\prod\classes.php line 4564 [] []
[2012-02-11 23:25:35] request.ERROR: Symfony\Component\HttpKernel\Exception\NotFoundHttpException: No route found for "GET /practica/web/bundles/framework/images/grey_magnifier.png" (uncaught exception) at C:\xampp\htdocs\Practica\app\cache\prod\classes.php line 4564 [] []
[2012-02-11 23:25:35] request.ERROR: Symfony\Component\HttpKernel\Exception\NotFoundHttpException: No route found for "GET /practica/web/bundles/framework/images/exception_detected.gif" (uncaught exception) at C:\xampp\htdocs\Practica\app\cache\prod\classes.php line 4564 [] []
[2012-02-11 23:25:35] request.ERROR: Symfony\Component\HttpKernel\Exception\NotFoundHttpException: No route found for "GET /practica/web/bundles/framework/images/close_quote.gif" (uncaught exception) at C:\xampp\htdocs\Practica\app\cache\prod\classes.php line 4564 [] []
[2012-02-11 23:25:35] request.ERROR: Symfony\Component\HttpKernel\Exception\NotFoundHttpException: No route found for "GET /practica/web/bundles/framework/images/blue_picto_less.gif" (uncaught exception) at C:\xampp\htdocs\Practica\app\cache\prod\classes.php line 4564 [] []
[2012-02-11 23:25:35] request.ERROR: Symfony\Component\HttpKernel\Exception\NotFoundHttpException: No route found for "GET /practica/web/bundles/framework/images/blue_picto_more.gif" (uncaught exception) at C:\xampp\htdocs\Practica\app\cache\prod\classes.php line 4564 [] []
[2012-02-12 00:13:26] request.ERROR: Symfony\Component\HttpKernel\Exception\NotFoundHttpException: No route found for "GET /practica/web/bundles/framework/css/exception_layout.css" (uncaught exception) at C:\xampp\htdocs\Practica\app\cache\prod\classes.php line 4564 [] []
[2012-02-12 00:13:26] request.ERROR: Symfony\Component\HttpKernel\Exception\NotFoundHttpException: No route found for "GET /practica/web/bundles/framework/images/grey_magnifier.png" (uncaught exception) at C:\xampp\htdocs\Practica\app\cache\prod\classes.php line 4564 [] []
[2012-02-12 00:13:26] request.ERROR: Symfony\Component\HttpKernel\Exception\NotFoundHttpException: No route found for "GET /practica/web/bundles/framework/css/exception.css" (uncaught exception) at C:\xampp\htdocs\Practica\app\cache\prod\classes.php line 4564 [] []
[2012-02-12 00:13:26] request.ERROR: Symfony\Component\HttpKernel\Exception\NotFoundHttpException: No route found for "GET /practica/web/bundles/framework/images/logo_symfony.gif" (uncaught exception) at C:\xampp\htdocs\Practica\app\cache\prod\classes.php line 4564 [] []
[2012-02-12 00:13:26] request.ERROR: Symfony\Component\HttpKernel\Exception\NotFoundHttpException: No route found for "GET /practica/web/bundles/framework/images/exception_detected.gif" (uncaught exception) at C:\xampp\htdocs\Practica\app\cache\prod\classes.php line 4564 [] []
[2012-02-12 00:13:27] request.ERROR: Symfony\Component\HttpKernel\Exception\NotFoundHttpException: No route found for "GET /practica/web/bundles/framework/images/open_quote.gif" (uncaught exception) at C:\xampp\htdocs\Practica\app\cache\prod\classes.php line 4564 [] []
[2012-02-12 00:13:27] request.ERROR: Symfony\Component\HttpKernel\Exception\NotFoundHttpException: No route found for "GET /practica/web/bundles/framework/images/close_quote.gif" (uncaught exception) at C:\xampp\htdocs\Practica\app\cache\prod\classes.php line 4564 [] []
[2012-02-12 00:13:27] request.ERROR: Symfony\Component\HttpKernel\Exception\NotFoundHttpException: No route found for "GET /practica/web/bundles/framework/images/blue_picto_less.gif" (uncaught exception) at C:\xampp\htdocs\Practica\app\cache\prod\classes.php line 4564 [] []
[2012-02-12 00:13:27] request.ERROR: Symfony\Component\HttpKernel\Exception\NotFoundHttpException: No route found for "GET /practica/web/bundles/framework/images/blue_picto_more.gif" (uncaught exception) at C:\xampp\htdocs\Practica\app\cache\prod\classes.php line 4564 [] []
[2012-02-12 00:15:06] request.ERROR: Symfony\Component\HttpKernel\Exception\NotFoundHttpException: No route found for "GET /practica/web/bundles/framework/images/logo_symfony.gif" (uncaught exception) at C:\xampp\htdocs\Practica\app\cache\prod\classes.php line 4564 [] []
[2012-02-12 00:15:06] request.ERROR: Symfony\Component\HttpKernel\Exception\NotFoundHttpException: No route found for "GET /practica/web/bundles/framework/css/exception_layout.css" (uncaught exception) at C:\xampp\htdocs\Practica\app\cache\prod\classes.php line 4564 [] []
[2012-02-12 00:15:06] request.ERROR: Symfony\Component\HttpKernel\Exception\NotFoundHttpException: No route found for "GET /practica/web/bundles/framework/images/grey_magnifier.png" (uncaught exception) at C:\xampp\htdocs\Practica\app\cache\prod\classes.php line 4564 [] []
[2012-02-12 00:15:06] request.ERROR: Symfony\Component\HttpKernel\Exception\NotFoundHttpException: No route found for "GET /practica/web/bundles/framework/css/exception.css" (uncaught exception) at C:\xampp\htdocs\Practica\app\cache\prod\classes.php line 4564 [] []
[2012-02-12 00:15:06] request.ERROR: Symfony\Component\HttpKernel\Exception\NotFoundHttpException: No route found for "GET /practica/web/bundles/framework/images/exception_detected.gif" (uncaught exception) at C:\xampp\htdocs\Practica\app\cache\prod\classes.php line 4564 [] []
[2012-02-12 00:15:06] request.ERROR: Symfony\Component\HttpKernel\Exception\NotFoundHttpException: No route found for "GET /practica/web/bundles/framework/images/open_quote.gif" (uncaught exception) at C:\xampp\htdocs\Practica\app\cache\prod\classes.php line 4564 [] []
[2012-02-12 00:15:07] request.ERROR: Symfony\Component\HttpKernel\Exception\NotFoundHttpException: No route found for "GET /practica/web/bundles/framework/images/close_quote.gif" (uncaught exception) at C:\xampp\htdocs\Practica\app\cache\prod\classes.php line 4564 [] []
[2012-02-12 00:15:07] request.ERROR: Symfony\Component\HttpKernel\Exception\NotFoundHttpException: No route found for "GET /practica/web/bundles/framework/images/blue_picto_less.gif" (uncaught exception) at C:\xampp\htdocs\Practica\app\cache\prod\classes.php line 4564 [] []
[2012-02-12 00:15:07] request.ERROR: Symfony\Component\HttpKernel\Exception\NotFoundHttpException: No route found for "GET /practica/web/bundles/framework/images/blue_picto_more.gif" (uncaught exception) at C:\xampp\htdocs\Practica\app\cache\prod\classes.php line 4564 [] []
[2012-02-12 00:17:39] request.ERROR: Symfony\Component\HttpKernel\Exception\NotFoundHttpException: No route found for "GET /practica/web/bundles/framework/css/exception.css" (uncaught exception) at C:\xampp\htdocs\Practica\app\cache\prod\classes.php line 4564 [] []
[2012-02-12 00:17:39] request.ERROR: Symfony\Component\HttpKernel\Exception\NotFoundHttpException: No route found for "GET /practica/web/bundles/framework/images/logo_symfony.gif" (uncaught exception) at C:\xampp\htdocs\Practica\app\cache\prod\classes.php line 4564 [] []
[2012-02-12 00:17:40] request.ERROR: Symfony\Component\HttpKernel\Exception\NotFoundHttpException: No route found for "GET /practica/web/bundles/framework/images/exception_detected.gif" (uncaught exception) at C:\xampp\htdocs\Practica\app\cache\prod\classes.php line 4564 [] []
[2012-02-12 00:17:40] request.ERROR: Symfony\Component\HttpKernel\Exception\NotFoundHttpException: No route found for "GET /practica/web/bundles/framework/images/grey_magnifier.png" (uncaught exception) at C:\xampp\htdocs\Practica\app\cache\prod\classes.php line 4564 [] []
[2012-02-12 00:17:40] request.ERROR: Symfony\Component\HttpKernel\Exception\NotFoundHttpException: No route found for "GET /practica/web/bundles/framework/css/exception_layout.css" (uncaught exception) at C:\xampp\htdocs\Practica\app\cache\prod\classes.php line 4564 [] []
[2012-02-12 00:17:40] request.ERROR: Symfony\Component\HttpKernel\Exception\NotFoundHttpException: No route found for "GET /practica/web/bundles/framework/images/open_quote.gif" (uncaught exception) at C:\xampp\htdocs\Practica\app\cache\prod\classes.php line 4564 [] []
[2012-02-12 00:17:40] request.ERROR: Symfony\Component\HttpKernel\Exception\NotFoundHttpException: No route found for "GET /practica/web/bundles/framework/images/close_quote.gif" (uncaught exception) at C:\xampp\htdocs\Practica\app\cache\prod\classes.php line 4564 [] []
[2012-02-12 00:17:40] request.ERROR: Symfony\Component\HttpKernel\Exception\NotFoundHttpException: No route found for "GET /practica/web/bundles/framework/images/blue_picto_less.gif" (uncaught exception) at C:\xampp\htdocs\Practica\app\cache\prod\classes.php line 4564 [] []
[2012-02-12 00:17:41] request.ERROR: Symfony\Component\HttpKernel\Exception\NotFoundHttpException: No route found for "GET /practica/web/bundles/framework/images/blue_picto_more.gif" (uncaught exception) at C:\xampp\htdocs\Practica\app\cache\prod\classes.php line 4564 [] []
[2012-02-12 00:23:13] request.ERROR: Symfony\Component\HttpKernel\Exception\NotFoundHttpException: No route found for "GET /practica/web/bundles/framework/css/exception_layout.css" (uncaught exception) at C:\xampp\htdocs\Practica\app\cache\prod\classes.php line 4564 [] []
[2012-02-12 00:23:13] request.ERROR: Symfony\Component\HttpKernel\Exception\NotFoundHttpException: No route found for "GET /practica/web/bundles/framework/css/exception.css" (uncaught exception) at C:\xampp\htdocs\Practica\app\cache\prod\classes.php line 4564 [] []
[2012-02-12 00:23:14] request.ERROR: Symfony\Component\HttpKernel\Exception\NotFoundHttpException: No route found for "GET /practica/web/bundles/framework/images/grey_magnifier.png" (uncaught exception) at C:\xampp\htdocs\Practica\app\cache\prod\classes.php line 4564 [] []
[2012-02-12 00:23:14] request.ERROR: Symfony\Component\HttpKernel\Exception\NotFoundHttpException: No route found for "GET /practica/web/bundles/framework/images/logo_symfony.gif" (uncaught exception) at C:\xampp\htdocs\Practica\app\cache\prod\classes.php line 4564 [] []
[2012-02-12 00:23:14] request.ERROR: Symfony\Component\HttpKernel\Exception\NotFoundHttpException: No route found for "GET /practica/web/bundles/framework/images/exception_detected.gif" (uncaught exception) at C:\xampp\htdocs\Practica\app\cache\prod\classes.php line 4564 [] []
[2012-02-12 00:23:14] request.ERROR: Symfony\Component\HttpKernel\Exception\NotFoundHttpException: No route found for "GET /practica/web/bundles/framework/images/open_quote.gif" (uncaught exception) at C:\xampp\htdocs\Practica\app\cache\prod\classes.php line 4564 [] []
[2012-02-12 00:23:14] request.ERROR: Symfony\Component\HttpKernel\Exception\NotFoundHttpException: No route found for "GET /practica/web/bundles/framework/images/close_quote.gif" (uncaught exception) at C:\xampp\htdocs\Practica\app\cache\prod\classes.php line 4564 [] []
[2012-02-12 00:23:15] request.ERROR: Symfony\Component\HttpKernel\Exception\NotFoundHttpException: No route found for "GET /practica/web/bundles/framework/images/blue_picto_less.gif" (uncaught exception) at C:\xampp\htdocs\Practica\app\cache\prod\classes.php line 4564 [] []
[2012-02-12 00:23:15] request.ERROR: Symfony\Component\HttpKernel\Exception\NotFoundHttpException: No route found for "GET /practica/web/bundles/framework/images/blue_picto_more.gif" (uncaught exception) at C:\xampp\htdocs\Practica\app\cache\prod\classes.php line 4564 [] []
[2012-02-12 00:26:00] request.ERROR: Symfony\Component\HttpKernel\Exception\NotFoundHttpException: No route found for "GET /practica/web/bundles/framework/css/exception_layout.css" (uncaught exception) at C:\xampp\htdocs\Practica\app\cache\prod\classes.php line 4564 [] []
[2012-02-12 00:26:00] request.ERROR: Symfony\Component\HttpKernel\Exception\NotFoundHttpException: No route found for "GET /practica/web/bundles/framework/images/logo_symfony.gif" (uncaught exception) at C:\xampp\htdocs\Practica\app\cache\prod\classes.php line 4564 [] []
[2012-02-12 00:26:00] request.ERROR: Symfony\Component\HttpKernel\Exception\NotFoundHttpException: No route found for "GET /practica/web/bundles/framework/css/exception.css" (uncaught exception) at C:\xampp\htdocs\Practica\app\cache\prod\classes.php line 4564 [] []
[2012-02-12 00:26:00] request.ERROR: Symfony\Component\HttpKernel\Exception\NotFoundHttpException: No route found for "GET /practica/web/bundles/framework/images/exception_detected.gif" (uncaught exception) at C:\xampp\htdocs\Practica\app\cache\prod\classes.php line 4564 [] []
[2012-02-12 00:26:00] request.ERROR: Symfony\Component\HttpKernel\Exception\NotFoundHttpException: No route found for "GET /practica/web/bundles/framework/images/grey_magnifier.png" (uncaught exception) at C:\xampp\htdocs\Practica\app\cache\prod\classes.php line 4564 [] []
[2012-02-12 00:26:01] request.ERROR: Symfony\Component\HttpKernel\Exception\NotFoundHttpException: No route found for "GET /practica/web/bundles/framework/images/open_quote.gif" (uncaught exception) at C:\xampp\htdocs\Practica\app\cache\prod\classes.php line 4564 [] []
[2012-02-12 00:26:01] request.ERROR: Symfony\Component\HttpKernel\Exception\NotFoundHttpException: No route found for "GET /practica/web/bundles/framework/images/close_quote.gif" (uncaught exception) at C:\xampp\htdocs\Practica\app\cache\prod\classes.php line 4564 [] []
[2012-02-12 00:26:01] request.ERROR: Symfony\Component\HttpKernel\Exception\NotFoundHttpException: No route found for "GET /practica/web/bundles/framework/images/blue_picto_less.gif" (uncaught exception) at C:\xampp\htdocs\Practica\app\cache\prod\classes.php line 4564 [] []
[2012-02-12 00:26:01] request.ERROR: Symfony\Component\HttpKernel\Exception\NotFoundHttpException: No route found for "GET /practica/web/bundles/framework/images/blue_picto_more.gif" (uncaught exception) at C:\xampp\htdocs\Practica\app\cache\prod\classes.php line 4564 [] []
[2012-02-12 00:28:31] request.ERROR: Symfony\Component\HttpKernel\Exception\NotFoundHttpException: No route found for "GET /practica/web/bundles/framework/css/exception.css" (uncaught exception) at C:\xampp\htdocs\Practica\app\cache\prod\classes.php line 4564 [] []
[2012-02-12 00:28:31] request.ERROR: Symfony\Component\HttpKernel\Exception\NotFoundHttpException: No route found for "GET /practica/web/bundles/framework/css/exception_layout.css" (uncaught exception) at C:\xampp\htdocs\Practica\app\cache\prod\classes.php line 4564 [] []
[2012-02-12 00:28:32] request.ERROR: Symfony\Component\HttpKernel\Exception\NotFoundHttpException: No route found for "GET /practica/web/bundles/framework/images/logo_symfony.gif" (uncaught exception) at C:\xampp\htdocs\Practica\app\cache\prod\classes.php line 4564 [] []
[2012-02-12 00:28:32] request.ERROR: Symfony\Component\HttpKernel\Exception\NotFoundHttpException: No route found for "GET /practica/web/bundles/framework/images/grey_magnifier.png" (uncaught exception) at C:\xampp\htdocs\Practica\app\cache\prod\classes.php line 4564 [] []
[2012-02-12 00:28:32] request.ERROR: Symfony\Component\HttpKernel\Exception\NotFoundHttpException: No route found for "GET /practica/web/bundles/framework/images/exception_detected.gif" (uncaught exception) at C:\xampp\htdocs\Practica\app\cache\prod\classes.php line 4564 [] []
[2012-02-12 00:28:32] request.ERROR: Symfony\Component\HttpKernel\Exception\NotFoundHttpException: No route found for "GET /practica/web/bundles/framework/images/open_quote.gif" (uncaught exception) at C:\xampp\htdocs\Practica\app\cache\prod\classes.php line 4564 [] []
[2012-02-12 00:28:33] request.ERROR: Symfony\Component\HttpKernel\Exception\NotFoundHttpException: No route found for "GET /practica/web/bundles/framework/images/close_quote.gif" (uncaught exception) at C:\xampp\htdocs\Practica\app\cache\prod\classes.php line 4564 [] []
[2012-02-12 00:28:33] request.ERROR: Symfony\Component\HttpKernel\Exception\NotFoundHttpException: No route found for "GET /practica/web/bundles/framework/images/blue_picto_less.gif" (uncaught exception) at C:\xampp\htdocs\Practica\app\cache\prod\classes.php line 4564 [] []
[2012-02-12 00:28:33] request.ERROR: Symfony\Component\HttpKernel\Exception\NotFoundHttpException: No route found for "GET /practica/web/bundles/framework/images/blue_picto_more.gif" (uncaught exception) at C:\xampp\htdocs\Practica\app\cache\prod\classes.php line 4564 [] []
[2012-02-12 00:30:15] request.ERROR: Symfony\Component\HttpKernel\Exception\NotFoundHttpException: No route found for "GET /practica/web/bundles/framework/css/exception_layout.css" (uncaught exception) at C:\xampp\htdocs\Practica\app\cache\prod\classes.php line 4564 [] []
[2012-02-12 00:30:15] request.ERROR: Symfony\Component\HttpKernel\Exception\NotFoundHttpException: No route found for "GET /practica/web/bundles/framework/css/exception.css" (uncaught exception) at C:\xampp\htdocs\Practica\app\cache\prod\classes.php line 4564 [] []
[2012-02-12 00:30:16] request.ERROR: Symfony\Component\HttpKernel\Exception\NotFoundHttpException: No route found for "GET /practica/web/bundles/framework/images/logo_symfony.gif" (uncaught exception) at C:\xampp\htdocs\Practica\app\cache\prod\classes.php line 4564 [] []
[2012-02-12 00:30:16] request.ERROR: Symfony\Component\HttpKernel\Exception\NotFoundHttpException: No route found for "GET /practica/web/bundles/framework/images/grey_magnifier.png" (uncaught exception) at C:\xampp\htdocs\Practica\app\cache\prod\classes.php line 4564 [] []
[2012-02-12 00:30:16] request.ERROR: Symfony\Component\HttpKernel\Exception\NotFoundHttpException: No route found for "GET /practica/web/bundles/framework/images/exception_detected.gif" (uncaught exception) at C:\xampp\htdocs\Practica\app\cache\prod\classes.php line 4564 [] []
[2012-02-12 00:30:16] request.ERROR: Symfony\Component\HttpKernel\Exception\NotFoundHttpException: No route found for "GET /practica/web/bundles/framework/images/open_quote.gif" (uncaught exception) at C:\xampp\htdocs\Practica\app\cache\prod\classes.php line 4564 [] []
[2012-02-12 00:30:17] request.ERROR: Symfony\Component\HttpKernel\Exception\NotFoundHttpException: No route found for "GET /practica/web/bundles/framework/images/close_quote.gif" (uncaught exception) at C:\xampp\htdocs\Practica\app\cache\prod\classes.php line 4564 [] []
[2012-02-12 00:30:17] request.ERROR: Symfony\Component\HttpKernel\Exception\NotFoundHttpException: No route found for "GET /practica/web/bundles/framework/images/blue_picto_less.gif" (uncaught exception) at C:\xampp\htdocs\Practica\app\cache\prod\classes.php line 4564 [] []
[2012-02-12 00:30:17] request.ERROR: Symfony\Component\HttpKernel\Exception\NotFoundHttpException: No route found for "GET /practica/web/bundles/framework/images/blue_picto_more.gif" (uncaught exception) at C:\xampp\htdocs\Practica\app\cache\prod\classes.php line 4564 [] []
[2012-02-12 00:32:57] request.ERROR: Symfony\Component\HttpKernel\Exception\NotFoundHttpException: No route found for "GET /practica/web/bundles/framework/css/exception_layout.css" (uncaught exception) at C:\xampp\htdocs\Practica\app\cache\prod\classes.php line 4564 [] []
[2012-02-12 00:32:57] request.ERROR: Symfony\Component\HttpKernel\Exception\NotFoundHttpException: No route found for "GET /practica/web/bundles/framework/css/exception.css" (uncaught exception) at C:\xampp\htdocs\Practica\app\cache\prod\classes.php line 4564 [] []
[2012-02-12 00:32:57] request.ERROR: Symfony\Component\HttpKernel\Exception\NotFoundHttpException: No route found for "GET /practica/web/bundles/framework/images/logo_symfony.gif" (uncaught exception) at C:\xampp\htdocs\Practica\app\cache\prod\classes.php line 4564 [] []
[2012-02-12 00:32:57] request.ERROR: Symfony\Component\HttpKernel\Exception\NotFoundHttpException: No route found for "GET /practica/web/bundles/framework/images/grey_magnifier.png" (uncaught exception) at C:\xampp\htdocs\Practica\app\cache\prod\classes.php line 4564 [] []
[2012-02-12 00:32:57] request.ERROR: Symfony\Component\HttpKernel\Exception\NotFoundHttpException: No route found for "GET /practica/web/bundles/framework/images/open_quote.gif" (uncaught exception) at C:\xampp\htdocs\Practica\app\cache\prod\classes.php line 4564 [] []
[2012-02-12 00:32:58] request.ERROR: Symfony\Component\HttpKernel\Exception\NotFoundHttpException: No route found for "GET /practica/web/bundles/framework/images/exception_detected.gif" (uncaught exception) at C:\xampp\htdocs\Practica\app\cache\prod\classes.php line 4564 [] []
[2012-02-12 00:32:58] request.ERROR: Symfony\Component\HttpKernel\Exception\NotFoundHttpException: No route found for "GET /practica/web/bundles/framework/images/close_quote.gif" (uncaught exception) at C:\xampp\htdocs\Practica\app\cache\prod\classes.php line 4564 [] []
[2012-02-12 00:32:58] request.ERROR: Symfony\Component\HttpKernel\Exception\NotFoundHttpException: No route found for "GET /practica/web/bundles/framework/images/blue_picto_less.gif" (uncaught exception) at C:\xampp\htdocs\Practica\app\cache\prod\classes.php line 4564 [] []
[2012-02-12 00:32:58] request.ERROR: Symfony\Component\HttpKernel\Exception\NotFoundHttpException: No route found for "GET /practica/web/bundles/framework/images/blue_picto_more.gif" (uncaught exception) at C:\xampp\htdocs\Practica\app\cache\prod\classes.php line 4564 [] []
[2012-02-12 00:34:34] request.ERROR: Symfony\Component\HttpKernel\Exception\NotFoundHttpException: No route found for "GET /practica/web/bundles/framework/images/exception_detected.gif" (uncaught exception) at C:\xampp\htdocs\Practica\app\cache\prod\classes.php line 4564 [] []
[2012-02-12 00:34:35] request.ERROR: Symfony\Component\HttpKernel\Exception\NotFoundHttpException: No route found for "GET /practica/web/bundles/framework/css/exception_layout.css" (uncaught exception) at C:\xampp\htdocs\Practica\app\cache\prod\classes.php line 4564 [] []
[2012-02-12 00:34:35] request.ERROR: Symfony\Component\HttpKernel\Exception\NotFoundHttpException: No route found for "GET /practica/web/bundles/framework/images/grey_magnifier.png" (uncaught exception) at C:\xampp\htdocs\Practica\app\cache\prod\classes.php line 4564 [] []
[2012-02-12 00:34:35] request.ERROR: Symfony\Component\HttpKernel\Exception\NotFoundHttpException: No route found for "GET /practica/web/bundles/framework/css/exception.css" (uncaught exception) at C:\xampp\htdocs\Practica\app\cache\prod\classes.php line 4564 [] []
[2012-02-12 00:34:35] request.ERROR: Symfony\Component\HttpKernel\Exception\NotFoundHttpException: No route found for "GET /practica/web/bundles/framework/images/open_quote.gif" (uncaught exception) at C:\xampp\htdocs\Practica\app\cache\prod\classes.php line 4564 [] []
[2012-02-12 00:34:35] request.ERROR: Symfony\Component\HttpKernel\Exception\NotFoundHttpException: No route found for "GET /practica/web/bundles/framework/images/logo_symfony.gif" (uncaught exception) at C:\xampp\htdocs\Practica\app\cache\prod\classes.php line 4564 [] []
[2012-02-12 00:34:35] request.ERROR: Symfony\Component\HttpKernel\Exception\NotFoundHttpException: No route found for "GET /practica/web/bundles/framework/images/close_quote.gif" (uncaught exception) at C:\xampp\htdocs\Practica\app\cache\prod\classes.php line 4564 [] []
[2012-02-12 00:34:36] request.ERROR: Symfony\Component\HttpKernel\Exception\NotFoundHttpException: No route found for "GET /practica/web/bundles/framework/images/blue_picto_more.gif" (uncaught exception) at C:\xampp\htdocs\Practica\app\cache\prod\classes.php line 4564 [] []
[2012-02-12 00:34:36] request.ERROR: Symfony\Component\HttpKernel\Exception\NotFoundHttpException: No route found for "GET /practica/web/bundles/framework/images/blue_picto_less.gif" (uncaught exception) at C:\xampp\htdocs\Practica\app\cache\prod\classes.php line 4564 [] []
[2012-02-12 00:40:40] request.ERROR: Symfony\Component\HttpKernel\Exception\NotFoundHttpException: No route found for "GET /practica/web/bundles/framework/css/exception_layout.css" (uncaught exception) at C:\xampp\htdocs\Practica\app\cache\prod\classes.php line 4564 [] []
[2012-02-12 00:40:40] request.ERROR: Symfony\Component\HttpKernel\Exception\NotFoundHttpException: No route found for "GET /practica/web/bundles/framework/css/exception.css" (uncaught exception) at C:\xampp\htdocs\Practica\app\cache\prod\classes.php line 4564 [] []
[2012-02-12 00:40:53] request.ERROR: Symfony\Component\HttpKernel\Exception\NotFoundHttpException: No route found for "GET /practica/web/bundles/framework/images/logo_symfony.gif" (uncaught exception) at C:\xampp\htdocs\Practica\app\cache\prod\classes.php line 4564 [] []
[2012-02-12 00:40:53] request.ERROR: Symfony\Component\HttpKernel\Exception\NotFoundHttpException: No route found for "GET /practica/web/bundles/framework/css/exception_layout.css" (uncaught exception) at C:\xampp\htdocs\Practica\app\cache\prod\classes.php line 4564 [] []
[2012-02-12 00:40:54] request.ERROR: Symfony\Component\HttpKernel\Exception\NotFoundHttpException: No route found for "GET /practica/web/bundles/framework/css/exception.css" (uncaught exception) at C:\xampp\htdocs\Practica\app\cache\prod\classes.php line 4564 [] []
[2012-02-12 00:40:54] request.ERROR: Symfony\Component\HttpKernel\Exception\NotFoundHttpException: No route found for "GET /practica/web/bundles/framework/images/grey_magnifier.png" (uncaught exception) at C:\xampp\htdocs\Practica\app\cache\prod\classes.php line 4564 [] []
[2012-02-12 00:40:54] request.ERROR: Symfony\Component\HttpKernel\Exception\NotFoundHttpException: No route found for "GET /practica/web/bundles/framework/images/exception_detected.gif" (uncaught exception) at C:\xampp\htdocs\Practica\app\cache\prod\classes.php line 4564 [] []
[2012-02-12 00:40:54] request.ERROR: Symfony\Component\HttpKernel\Exception\NotFoundHttpException: No route found for "GET /practica/web/bundles/framework/images/open_quote.gif" (uncaught exception) at C:\xampp\htdocs\Practica\app\cache\prod\classes.php line 4564 [] []
[2012-02-12 00:40:54] request.ERROR: Symfony\Component\HttpKernel\Exception\NotFoundHttpException: No route found for "GET /practica/web/bundles/framework/images/close_quote.gif" (uncaught exception) at C:\xampp\htdocs\Practica\app\cache\prod\classes.php line 4564 [] []
[2012-02-12 00:40:55] request.ERROR: Symfony\Component\HttpKernel\Exception\NotFoundHttpException: No route found for "GET /practica/web/bundles/framework/images/blue_picto_less.gif" (uncaught exception) at C:\xampp\htdocs\Practica\app\cache\prod\classes.php line 4564 [] []
[2012-02-12 00:40:55] request.ERROR: Symfony\Component\HttpKernel\Exception\NotFoundHttpException: No route found for "GET /practica/web/bundles/framework/images/blue_picto_more.gif" (uncaught exception) at C:\xampp\htdocs\Practica\app\cache\prod\classes.php line 4564 [] []
[2012-02-12 00:43:31] request.ERROR: Symfony\Component\HttpKernel\Exception\NotFoundHttpException: No route found for "GET /practica/web/bundles/framework/css/exception_layout.css" (uncaught exception) at C:\xampp\htdocs\Practica\app\cache\prod\classes.php line 4564 [] []
[2012-02-12 00:43:31] request.ERROR: Symfony\Component\HttpKernel\Exception\NotFoundHttpException: No route found for "GET /practica/web/bundles/framework/css/exception.css" (uncaught exception) at C:\xampp\htdocs\Practica\app\cache\prod\classes.php line 4564 [] []
[2012-02-12 00:43:31] request.ERROR: Symfony\Component\HttpKernel\Exception\NotFoundHttpException: No route found for "GET /practica/web/bundles/framework/images/logo_symfony.gif" (uncaught exception) at C:\xampp\htdocs\Practica\app\cache\prod\classes.php line 4564 [] []
[2012-02-12 00:43:31] request.ERROR: Symfony\Component\HttpKernel\Exception\NotFoundHttpException: No route found for "GET /practica/web/bundles/framework/images/grey_magnifier.png" (uncaught exception) at C:\xampp\htdocs\Practica\app\cache\prod\classes.php line 4564 [] []
[2012-02-12 00:43:32] request.ERROR: Symfony\Component\HttpKernel\Exception\NotFoundHttpException: No route found for "GET /practica/web/bundles/framework/images/exception_detected.gif" (uncaught exception) at C:\xampp\htdocs\Practica\app\cache\prod\classes.php line 4564 [] []
[2012-02-12 00:43:32] request.ERROR: Symfony\Component\HttpKernel\Exception\NotFoundHttpException: No route found for "GET /practica/web/bundles/framework/images/open_quote.gif" (uncaught exception) at C:\xampp\htdocs\Practica\app\cache\prod\classes.php line 4564 [] []
[2012-02-12 00:43:32] request.ERROR: Symfony\Component\HttpKernel\Exception\NotFoundHttpException: No route found for "GET /practica/web/bundles/framework/images/close_quote.gif" (uncaught exception) at C:\xampp\htdocs\Practica\app\cache\prod\classes.php line 4564 [] []
[2012-02-12 00:43:32] request.ERROR: Symfony\Component\HttpKernel\Exception\NotFoundHttpException: No route found for "GET /practica/web/bundles/framework/images/blue_picto_less.gif" (uncaught exception) at C:\xampp\htdocs\Practica\app\cache\prod\classes.php line 4564 [] []
[2012-02-12 00:43:32] request.ERROR: Symfony\Component\HttpKernel\Exception\NotFoundHttpException: No route found for "GET /practica/web/bundles/framework/images/blue_picto_more.gif" (uncaught exception) at C:\xampp\htdocs\Practica\app\cache\prod\classes.php line 4564 [] []
[2012-02-12 00:44:42] request.ERROR: Symfony\Component\HttpKernel\Exception\NotFoundHttpException: No route found for "GET /practica/web/bundles/framework/css/exception_layout.css" (uncaught exception) at C:\xampp\htdocs\Practica\app\cache\prod\classes.php line 4564 [] []
[2012-02-12 00:44:43] request.ERROR: Symfony\Component\HttpKernel\Exception\NotFoundHttpException: No route found for "GET /practica/web/bundles/framework/css/exception.css" (uncaught exception) at C:\xampp\htdocs\Practica\app\cache\prod\classes.php line 4564 [] []
[2012-02-12 00:44:43] request.ERROR: Symfony\Component\HttpKernel\Exception\NotFoundHttpException: No route found for "GET /practica/web/bundles/framework/images/logo_symfony.gif" (uncaught exception) at C:\xampp\htdocs\Practica\app\cache\prod\classes.php line 4564 [] []
[2012-02-12 00:44:43] request.ERROR: Symfony\Component\HttpKernel\Exception\NotFoundHttpException: No route found for "GET /practica/web/bundles/framework/images/grey_magnifier.png" (uncaught exception) at C:\xampp\htdocs\Practica\app\cache\prod\classes.php line 4564 [] []
[2012-02-12 00:44:43] request.ERROR: Symfony\Component\HttpKernel\Exception\NotFoundHttpException: No route found for "GET /practica/web/bundles/framework/images/exception_detected.gif" (uncaught exception) at C:\xampp\htdocs\Practica\app\cache\prod\classes.php line 4564 [] []
[2012-02-12 00:44:44] request.ERROR: Symfony\Component\HttpKernel\Exception\NotFoundHttpException: No route found for "GET /practica/web/bundles/framework/images/close_quote.gif" (uncaught exception) at C:\xampp\htdocs\Practica\app\cache\prod\classes.php line 4564 [] []
[2012-02-12 00:44:44] request.ERROR: Symfony\Component\HttpKernel\Exception\NotFoundHttpException: No route found for "GET /practica/web/bundles/framework/images/open_quote.gif" (uncaught exception) at C:\xampp\htdocs\Practica\app\cache\prod\classes.php line 4564 [] []
[2012-02-12 00:44:44] request.ERROR: Symfony\Component\HttpKernel\Exception\NotFoundHttpException: No route found for "GET /practica/web/bundles/framework/images/blue_picto_less.gif" (uncaught exception) at C:\xampp\htdocs\Practica\app\cache\prod\classes.php line 4564 [] []
[2012-02-12 00:44:45] request.ERROR: Symfony\Component\HttpKernel\Exception\NotFoundHttpException: No route found for "GET /practica/web/bundles/framework/images/blue_picto_more.gif" (uncaught exception) at C:\xampp\htdocs\Practica\app\cache\prod\classes.php line 4564 [] []
[2012-02-12 00:46:28] request.ERROR: Symfony\Component\HttpKernel\Exception\NotFoundHttpException: No route found for "GET /practica/web/bundles/framework/css/exception_layout.css" (uncaught exception) at C:\xampp\htdocs\Practica\app\cache\prod\classes.php line 4564 [] []
[2012-02-12 00:46:28] request.ERROR: Symfony\Component\HttpKernel\Exception\NotFoundHttpException: No route found for "GET /practica/web/bundles/framework/images/grey_magnifier.png" (uncaught exception) at C:\xampp\htdocs\Practica\app\cache\prod\classes.php line 4564 [] []
[2012-02-12 00:46:28] request.ERROR: Symfony\Component\HttpKernel\Exception\NotFoundHttpException: No route found for "GET /practica/web/bundles/framework/images/open_quote.gif" (uncaught exception) at C:\xampp\htdocs\Practica\app\cache\prod\classes.php line 4564 [] []
[2012-02-12 00:46:29] request.ERROR: Symfony\Component\HttpKernel\Exception\NotFoundHttpException: No route found for "GET /practica/web/bundles/framework/images/logo_symfony.gif" (uncaught exception) at C:\xampp\htdocs\Practica\app\cache\prod\classes.php line 4564 [] []
[2012-02-12 00:46:29] request.ERROR: Symfony\Component\HttpKernel\Exception\NotFoundHttpException: No route found for "GET /practica/web/bundles/framework/images/exception_detected.gif" (uncaught exception) at C:\xampp\htdocs\Practica\app\cache\prod\classes.php line 4564 [] []
[2012-02-12 00:46:29] request.ERROR: Symfony\Component\HttpKernel\Exception\NotFoundHttpException: No route found for "GET /practica/web/bundles/framework/css/exception.css" (uncaught exception) at C:\xampp\htdocs\Practica\app\cache\prod\classes.php line 4564 [] []
[2012-02-12 00:46:29] request.ERROR: Symfony\Component\HttpKernel\Exception\NotFoundHttpException: No route found for "GET /practica/web/bundles/framework/images/close_quote.gif" (uncaught exception) at C:\xampp\htdocs\Practica\app\cache\prod\classes.php line 4564 [] []
[2012-02-12 00:46:29] request.ERROR: Symfony\Component\HttpKernel\Exception\NotFoundHttpException: No route found for "GET /practica/web/bundles/framework/images/blue_picto_less.gif" (uncaught exception) at C:\xampp\htdocs\Practica\app\cache\prod\classes.php line 4564 [] []
[2012-02-12 00:46:29] request.ERROR: Symfony\Component\HttpKernel\Exception\NotFoundHttpException: No route found for "GET /practica/web/bundles/framework/images/blue_picto_more.gif" (uncaught exception) at C:\xampp\htdocs\Practica\app\cache\prod\classes.php line 4564 [] []
[2012-02-12 00:47:44] request.ERROR: Symfony\Component\HttpKernel\Exception\NotFoundHttpException: No route found for "GET /contact" (uncaught exception) at C:\xampp\htdocs\Practica\app\cache\prod\classes.php line 4564 [] []
[2012-02-12 00:47:52] request.ERROR: Symfony\Component\HttpKernel\Exception\NotFoundHttpException: No route found for "GET /contact" (uncaught exception) at C:\xampp\htdocs\Practica\app\cache\prod\classes.php line 4564 [] []
[2012-02-12 00:48:11] request.ERROR: Symfony\Component\HttpKernel\Exception\NotFoundHttpException: No route found for "GET /contact" (uncaught exception) at C:\xampp\htdocs\Practica\app\cache\prod\classes.php line 4564 [] []
[2012-02-12 00:48:41] request.ERROR: Symfony\Component\HttpKernel\Exception\NotFoundHttpException: No route found for "GET /contact" (uncaught exception) at C:\xampp\htdocs\Practica\app\cache\prod\classes.php line 4564 [] []
[2012-02-12 00:51:25] request.ERROR: Symfony\Component\HttpKernel\Exception\NotFoundHttpException: No route found for "GET /" (uncaught exception) at C:\xampp\htdocs\Practica\app\cache\prod\classes.php line 4564 [] []
[2012-02-12 00:56:25] request.ERROR: Symfony\Component\HttpKernel\Exception\NotFoundHttpException: No route found for "GET /" (uncaught exception) at C:\xampp\htdocs\Practica\app\cache\prod\classes.php line 4564 [] []
[2012-02-12 00:57:26] request.ERROR: Symfony\Component\HttpKernel\Exception\NotFoundHttpException: No route found for "GET /practica/web/bundles/framework/css/exception_layout.css" (uncaught exception) at C:\xampp\htdocs\Practica\app\cache\prod\classes.php line 4564 [] []
[2012-02-12 00:57:26] request.ERROR: Symfony\Component\HttpKernel\Exception\NotFoundHttpException: No route found for "GET /practica/web/bundles/framework/css/exception.css" (uncaught exception) at C:\xampp\htdocs\Practica\app\cache\prod\classes.php line 4564 [] []
[2012-02-12 00:57:27] request.ERROR: Symfony\Component\HttpKernel\Exception\NotFoundHttpException: No route found for "GET /practica/web/bundles/framework/images/logo_symfony.gif" (uncaught exception) at C:\xampp\htdocs\Practica\app\cache\prod\classes.php line 4564 [] []
[2012-02-12 00:57:27] request.ERROR: Symfony\Component\HttpKernel\Exception\NotFoundHttpException: No route found for "GET /practica/web/bundles/framework/images/exception_detected.gif" (uncaught exception) at C:\xampp\htdocs\Practica\app\cache\prod\classes.php line 4564 [] []
[2012-02-12 00:57:27] request.ERROR: Symfony\Component\HttpKernel\Exception\NotFoundHttpException: No route found for "GET /practica/web/bundles/framework/images/grey_magnifier.png" (uncaught exception) at C:\xampp\htdocs\Practica\app\cache\prod\classes.php line 4564 [] []
[2012-02-12 00:57:27] request.ERROR: Symfony\Component\HttpKernel\Exception\NotFoundHttpException: No route found for "GET /practica/web/bundles/framework/images/open_quote.gif" (uncaught exception) at C:\xampp\htdocs\Practica\app\cache\prod\classes.php line 4564 [] []
[2012-02-12 00:57:27] request.ERROR: Symfony\Component\HttpKernel\Exception\NotFoundHttpException: No route found for "GET /practica/web/bundles/framework/images/close_quote.gif" (uncaught exception) at C:\xampp\htdocs\Practica\app\cache\prod\classes.php line 4564 [] []
[2012-02-12 00:57:28] request.ERROR: Symfony\Component\HttpKernel\Exception\NotFoundHttpException: No route found for "GET /practica/web/bundles/framework/images/blue_picto_less.gif" (uncaught exception) at C:\xampp\htdocs\Practica\app\cache\prod\classes.php line 4564 [] []
[2012-02-12 00:57:28] request.ERROR: Symfony\Component\HttpKernel\Exception\NotFoundHttpException: No route found for "GET /practica/web/bundles/framework/images/blue_picto_more.gif" (uncaught exception) at C:\xampp\htdocs\Practica\app\cache\prod\classes.php line 4564 [] []
[2012-02-12 01:03:34] request.ERROR: Symfony\Component\HttpKernel\Exception\NotFoundHttpException: No route found for "GET /practica/web/bundles/framework/css/exception_layout.css" (uncaught exception) at C:\xampp\htdocs\Practica\app\cache\prod\classes.php line 4564 [] []
[2012-02-12 01:03:34] request.ERROR: Symfony\Component\HttpKernel\Exception\NotFoundHttpException: No route found for "GET /practica/web/bundles/framework/images/grey_magnifier.png" (uncaught exception) at C:\xampp\htdocs\Practica\app\cache\prod\classes.php line 4564 [] []
[2012-02-12 01:03:35] request.ERROR: Symfony\Component\HttpKernel\Exception\NotFoundHttpException: No route found for "GET /practica/web/bundles/framework/images/logo_symfony.gif" (uncaught exception) at C:\xampp\htdocs\Practica\app\cache\prod\classes.php line 4564 [] []
[2012-02-12 01:03:35] request.ERROR: Symfony\Component\HttpKernel\Exception\NotFoundHttpException: No route found for "GET /practica/web/bundles/framework/css/exception.css" (uncaught exception) at C:\xampp\htdocs\Practica\app\cache\prod\classes.php line 4564 [] []
[2012-02-12 01:03:35] request.ERROR: Symfony\Component\HttpKernel\Exception\NotFoundHttpException: No route found for "GET /practica/web/bundles/framework/images/exception_detected.gif" (uncaught exception) at C:\xampp\htdocs\Practica\app\cache\prod\classes.php line 4564 [] []
[2012-02-12 01:03:35] request.ERROR: Symfony\Component\HttpKernel\Exception\NotFoundHttpException: No route found for "GET /practica/web/bundles/framework/images/open_quote.gif" (uncaught exception) at C:\xampp\htdocs\Practica\app\cache\prod\classes.php line 4564 [] []
[2012-02-12 01:03:35] request.ERROR: Symfony\Component\HttpKernel\Exception\NotFoundHttpException: No route found for "GET /practica/web/bundles/framework/images/close_quote.gif" (uncaught exception) at C:\xampp\htdocs\Practica\app\cache\prod\classes.php line 4564 [] []
[2012-02-12 01:03:36] request.ERROR: Symfony\Component\HttpKernel\Exception\NotFoundHttpException: No route found for "GET /practica/web/bundles/framework/images/blue_picto_less.gif" (uncaught exception) at C:\xampp\htdocs\Practica\app\cache\prod\classes.php line 4564 [] []
[2012-02-12 01:03:36] request.ERROR: Symfony\Component\HttpKernel\Exception\NotFoundHttpException: No route found for "GET /practica/web/bundles/framework/images/blue_picto_more.gif" (uncaught exception) at C:\xampp\htdocs\Practica\app\cache\prod\classes.php line 4564 [] []
[2012-02-12 01:05:43] request.ERROR: Symfony\Component\HttpKernel\Exception\NotFoundHttpException: No route found for "GET /practica/web/bundles/framework/css/exception.css" (uncaught exception) at C:\xampp\htdocs\Practica\app\cache\prod\classes.php line 4564 [] []
[2012-02-12 01:05:43] request.ERROR: Symfony\Component\HttpKernel\Exception\NotFoundHttpException: No route found for "GET /practica/web/bundles/framework/images/logo_symfony.gif" (uncaught exception) at C:\xampp\htdocs\Practica\app\cache\prod\classes.php line 4564 [] []
[2012-02-12 01:05:43] request.ERROR: Symfony\Component\HttpKernel\Exception\NotFoundHttpException: No route found for "GET /practica/web/bundles/framework/css/exception_layout.css" (uncaught exception) at C:\xampp\htdocs\Practica\app\cache\prod\classes.php line 4564 [] []
[2012-02-12 01:05:43] request.ERROR: Symfony\Component\HttpKernel\Exception\NotFoundHttpException: No route found for "GET /practica/web/bundles/framework/images/grey_magnifier.png" (uncaught exception) at C:\xampp\htdocs\Practica\app\cache\prod\classes.php line 4564 [] []
[2012-02-12 01:05:44] request.ERROR: Symfony\Component\HttpKernel\Exception\NotFoundHttpException: No route found for "GET /practica/web/bundles/framework/images/open_quote.gif" (uncaught exception) at C:\xampp\htdocs\Practica\app\cache\prod\classes.php line 4564 [] []
[2012-02-12 01:05:44] request.ERROR: Symfony\Component\HttpKernel\Exception\NotFoundHttpException: No route found for "GET /practica/web/bundles/framework/images/exception_detected.gif" (uncaught exception) at C:\xampp\htdocs\Practica\app\cache\prod\classes.php line 4564 [] []
[2012-02-12 01:05:44] request.ERROR: Symfony\Component\HttpKernel\Exception\NotFoundHttpException: No route found for "GET /practica/web/bundles/framework/images/close_quote.gif" (uncaught exception) at C:\xampp\htdocs\Practica\app\cache\prod\classes.php line 4564 [] []
[2012-02-12 01:05:44] request.ERROR: Symfony\Component\HttpKernel\Exception\NotFoundHttpException: No route found for "GET /practica/web/bundles/framework/images/blue_picto_less.gif" (uncaught exception) at C:\xampp\htdocs\Practica\app\cache\prod\classes.php line 4564 [] []
[2012-02-12 01:05:44] request.ERROR: Symfony\Component\HttpKernel\Exception\NotFoundHttpException: No route found for "GET /practica/web/bundles/framework/images/blue_picto_more.gif" (uncaught exception) at C:\xampp\htdocs\Practica\app\cache\prod\classes.php line 4564 [] []
[2012-02-12 01:19:58] request.ERROR: Symfony\Component\HttpKernel\Exception\NotFoundHttpException: No route found for "GET /practica/web/bundles/framework/css/exception_layout.css" (uncaught exception) at C:\xampp\htdocs\Practica\app\cache\prod\classes.php line 4564 [] []
[2012-02-12 01:19:58] request.ERROR: Symfony\Component\HttpKernel\Exception\NotFoundHttpException: No route found for "GET /practica/web/bundles/framework/css/exception.css" (uncaught exception) at C:\xampp\htdocs\Practica\app\cache\prod\classes.php line 4564 [] []
[2012-02-12 01:19:58] request.ERROR: Symfony\Component\HttpKernel\Exception\NotFoundHttpException: No route found for "GET /practica/web/bundles/framework/images/logo_symfony.gif" (uncaught exception) at C:\xampp\htdocs\Practica\app\cache\prod\classes.php line 4564 [] []
[2012-02-12 01:19:58] request.ERROR: Symfony\Component\HttpKernel\Exception\NotFoundHttpException: No route found for "GET /practica/web/bundles/framework/images/grey_magnifier.png" (uncaught exception) at C:\xampp\htdocs\Practica\app\cache\prod\classes.php line 4564 [] []
[2012-02-12 01:20:53] request.ERROR: Symfony\Component\HttpKernel\Exception\NotFoundHttpException: No route found for "GET /practica/web/bundles/framework/css/exception_layout.css" (uncaught exception) at C:\xampp\htdocs\Practica\app\cache\prod\classes.php line 4564 [] []
[2012-02-12 01:20:53] request.ERROR: Symfony\Component\HttpKernel\Exception\NotFoundHttpException: No route found for "GET /practica/web/bundles/framework/css/exception.css" (uncaught exception) at C:\xampp\htdocs\Practica\app\cache\prod\classes.php line 4564 [] []
[2012-02-12 01:20:53] request.ERROR: Symfony\Component\HttpKernel\Exception\NotFoundHttpException: No route found for "GET /practica/web/bundles/framework/images/grey_magnifier.png" (uncaught exception) at C:\xampp\htdocs\Practica\app\cache\prod\classes.php line 4564 [] []
[2012-02-12 01:20:53] request.ERROR: Symfony\Component\HttpKernel\Exception\NotFoundHttpException: No route found for "GET /practica/web/bundles/framework/images/logo_symfony.gif" (uncaught exception) at C:\xampp\htdocs\Practica\app\cache\prod\classes.php line 4564 [] []
